<?xml version="1.0" encoding="UTF-8"?>
<!-- Generated by org.testng.reporters.JUnitReportReporter -->
<testsuite skipped="0" hostname="NSWSYDNLP224" name="Test.Tests2" tests="1" failures="0" timestamp="2020-09-11T10:30:58 AEST" time="13.278" errors="0">
  <testcase name="Test2" time="13.278" classname="Test.Tests2"/>
  <system-out/>
</testsuite> <!-- Test.Tests2 -->
