<?xml version="1.0" encoding="UTF-8"?>
<!-- Generated by org.testng.reporters.JUnitReportReporter -->
<testsuite skipped="0" hostname="NSWSYDNLP224" name="Test.Tests2" tests="1" failures="0" timestamp="2020-09-09T15:29:43 AEST" time="16.581" errors="0">
  <testcase name="Test2" time="16.581" classname="Test.Tests2"/>
  <system-out/>
</testsuite> <!-- Test.Tests2 -->
